<?xml version="1.0" encoding="UTF-8"?>
<!-- Generated by org.testng.reporters.JUnitXMLReporter -->
<testsuite ignored="0" hostname="DESKTOP-DK9PHP1" failures="0" tests="6" name="Default test" time="27.814" errors="0" timestamp="2024-06-10T16:37:23 EET">
  <testcase classname="MyTestCases" name="login" time="22.57"/>
  <testcase classname="MyTestCases" name="VerifyTheTitle" time="0.033"/>
  <testcase classname="MyTestCases" name="TestProducts" time="0.158"/>
  <testcase classname="MyTestCases" name="SortItem" time="0.345"/>
  <testcase classname="MyTestCases" name="TestProductsName" time="2.303"/>
  <testcase classname="MyTestCases" name="TestProductsName2" time="2.288"/>
</testsuite> <!-- Default test -->
