<?xml version="1.0" encoding="UTF-8"?>
<testng-results ignored="0" total="6" passed="6" failed="0" skipped="0">
  <reporter-output>
  </reporter-output>
  <suite started-at="2024-06-10T16:36:55 EET" name="Default suite" finished-at="2024-06-10T16:37:23 EET" duration-ms="27814">
    <groups>
    </groups>
    <test started-at="2024-06-10T16:36:55 EET" name="Default test" finished-at="2024-06-10T16:37:23 EET" duration-ms="27814">
      <class name="MyTestCases">
        <test-method signature="login()[pri:1, instance:MyTestCases@3e30646a]" started-at="2024-06-10T16:36:55 EET" name="login" finished-at="2024-06-10T16:37:18 EET" duration-ms="22570" status="PASS">
          <reporter-output>
          </reporter-output>
        </test-method> <!-- login -->
        <test-method signature="VerifyTheTitle()[pri:2, instance:MyTestCases@3e30646a]" started-at="2024-06-10T16:37:18 EET" name="VerifyTheTitle" description="Verify the Title " finished-at="2024-06-10T16:37:18 EET" duration-ms="33" status="PASS">
          <reporter-output>
          </reporter-output>
        </test-method> <!-- VerifyTheTitle -->
        <test-method signature="TestProducts()[pri:3, instance:MyTestCases@3e30646a]" started-at="2024-06-10T16:37:18 EET" name="TestProducts" description="Verify the Products" finished-at="2024-06-10T16:37:18 EET" duration-ms="158" status="PASS">
          <reporter-output>
          </reporter-output>
        </test-method> <!-- TestProducts -->
        <test-method signature="SortItem()[pri:4, instance:MyTestCases@3e30646a]" started-at="2024-06-10T16:37:18 EET" name="SortItem" finished-at="2024-06-10T16:37:19 EET" duration-ms="345" status="PASS">
          <reporter-output>
          </reporter-output>
        </test-method> <!-- SortItem -->
        <test-method signature="TestProductsName()[pri:5, instance:MyTestCases@3e30646a]" started-at="2024-06-10T16:37:19 EET" name="TestProductsName" description="Test first and last product name when sorting Name (A to Z)" finished-at="2024-06-10T16:37:21 EET" duration-ms="2303" status="PASS">
          <reporter-output>
          </reporter-output>
        </test-method> <!-- TestProductsName -->
        <test-method signature="TestProductsName2()[pri:6, instance:MyTestCases@3e30646a]" started-at="2024-06-10T16:37:21 EET" name="TestProductsName2" description="Test first and last product name when sorting Price (high to low)" finished-at="2024-06-10T16:37:23 EET" duration-ms="2288" status="PASS">
          <reporter-output>
          </reporter-output>
        </test-method> <!-- TestProductsName2 -->
      </class> <!-- MyTestCases -->
    </test> <!-- Default test -->
  </suite> <!-- Default suite -->
</testng-results>
